<?xml version="1.0" encoding="UTF-8"?>
<!-- Generated by org.testng.reporters.JUnitXMLReporter -->
<testsuite ignored="0" hostname="LTIN654195" failures="0" tests="4" name="Default test" time="46.93" errors="0" timestamp="2025-08-20T14:34:22 IST">
  <testcase classname="com.bookmyshow.tests.BookMyShowTest" name="selectLocation" time="0.745"/>
  <testcase classname="com.bookmyshow.tests.BookMyShowTest" name="getSportEvents" time="3.818"/>
  <testcase classname="com.bookmyshow.tests.BookMyShowTest" name="movieLanguages" time="0.829"/>
  <testcase classname="com.bookmyshow.tests.BookMyShowTest" name="getEvents" time="3.823"/>
</testsuite> <!-- Default test -->
