<?xml version="1.0" encoding="UTF-8"?>
<!-- Generated by org.testng.reporters.JUnitXMLReporter -->
<testsuite ignored="0" hostname="LTIN654195" failures="0" tests="3" name="BookMyShowTest" time="24.518" errors="0" timestamp="2025-08-13T14:24:30 IST">
  <testcase classname="com.bookmyshow.tests.BookMyShowTest" name="selectLocation" time="0.411"/>
  <testcase classname="com.bookmyshow.tests.BookMyShowTest" name="getSportEvents" time="3.182"/>
  <testcase classname="com.bookmyshow.tests.BookMyShowTest" name="movieLanguages" time="0.868"/>
</testsuite> <!-- BookMyShowTest -->
