<?xml version="1.0" encoding="UTF-8"?>
<testng-results ignored="0" total="3" passed="3" failed="0" skipped="0">
  <reporter-output>
  </reporter-output>
  <suite started-at="2025-08-13T14:24:05 IST" name="BookMyShowSuite" finished-at="2025-08-13T14:24:29 IST" duration-ms="24518">
    <groups>
    </groups>
    <test started-at="2025-08-13T14:24:05 IST" name="BookMyShowTest" finished-at="2025-08-13T14:24:29 IST" duration-ms="24518">
      <class name="com.bookmyshow.tests.BookMyShowTest">
        <test-method is-config="true" signature="setUp()[pri:0, instance:com.bookmyshow.tests.BookMyShowTest@47a86fbb]" started-at="2025-08-13T14:24:05 IST" name="setUp" finished-at="2025-08-13T14:24:24 IST" duration-ms="18773" status="PASS">
          <reporter-output>
          </reporter-output>
        </test-method> <!-- setUp -->
        <test-method signature="selectLocation()[pri:1, instance:com.bookmyshow.tests.BookMyShowTest@47a86fbb]" started-at="2025-08-13T14:24:24 IST" name="selectLocation" finished-at="2025-08-13T14:24:24 IST" duration-ms="411" status="PASS">
          <reporter-output>
          </reporter-output>
        </test-method> <!-- selectLocation -->
        <test-method signature="getSportEvents()[pri:2, instance:com.bookmyshow.tests.BookMyShowTest@47a86fbb]" started-at="2025-08-13T14:24:24 IST" name="getSportEvents" finished-at="2025-08-13T14:24:28 IST" duration-ms="3182" status="PASS">
          <reporter-output>
          </reporter-output>
        </test-method> <!-- getSportEvents -->
        <test-method signature="movieLanguages()[pri:3, instance:com.bookmyshow.tests.BookMyShowTest@47a86fbb]" started-at="2025-08-13T14:24:28 IST" name="movieLanguages" finished-at="2025-08-13T14:24:29 IST" duration-ms="868" status="PASS">
          <reporter-output>
          </reporter-output>
        </test-method> <!-- movieLanguages -->
      </class> <!-- com.bookmyshow.tests.BookMyShowTest -->
    </test> <!-- BookMyShowTest -->
  </suite> <!-- BookMyShowSuite -->
</testng-results>
